2021-09-23T15:37:12.271019+0300 DEBUG {'date': datetime.date(2021, 9, 24), 'clicks': 1, 'cost': 3.0}
2021-09-23T15:40:52.475827+0300 DEBUG {'date': datetime.date(2021, 9, 24), 'clicks': 1, 'cost': None}
2021-09-23T15:41:07.495776+0300 DEBUG {'date': datetime.date(321, 9, 24), 'clicks': None, 'cost': None}
2021-09-23T15:46:00.335795+0300 DEBUG {'date': datetime.date(2021, 9, 9), 'clicks': 12, 'cost': None}
2021-09-23T15:46:18.718550+0300 DEBUG {'date': datetime.date(2021, 9, 9), 'clicks': 12, 'cost': None}
2021-09-23T15:50:44.476703+0300 DEBUG {'date': datetime.date(2222, 12, 12), 'clicks': 12, 'cost': 11.0}
2021-09-23T15:50:56.129726+0300 DEBUG {'date': datetime.date(2222, 12, 12), 'clicks': 12}
2021-09-23T15:51:17.732655+0300 DEBUG {'date': datetime.date(2222, 12, 12), 'clicks': 12}
2021-09-23T15:58:26.386761+0300 DEBUG {'date': datetime.date(2222, 12, 12), 'clicks': 12, 'cost': 33.0}
2021-09-23T16:01:36.437409+0300 DEBUG {'date': datetime.date(2222, 12, 12), 'clicks': 12, 'cost': 33.0}
2021-09-23T16:01:36.437829+0300 DEBUG (12,)
2021-09-23T16:01:59.764837+0300 DEBUG {'date': datetime.date(2222, 12, 12), 'clicks': 121213213123123123131312, 'cost': 33.0}
2021-09-23T16:01:59.765159+0300 DEBUG (121213213123123123131312,)
2021-09-23T16:02:17.055059+0300 DEBUG {'date': datetime.date(2222, 12, 12), 'clicks': -3123123131, 'cost': 33.0}
2021-09-23T16:02:17.055335+0300 DEBUG (-3123123131,)
2021-09-23T16:07:06.692771+0300 DEBUG {'date': datetime.date(2222, 12, 12), 'clicks': 12, 'cost': 33.0}
2021-09-23T16:07:06.693133+0300 DEBUG (12,)
2021-09-23T16:07:06.693257+0300 DEBUG 2.75
2021-09-23T16:13:17.830599+0300 DEBUG {'date': datetime.date(1122, 12, 12), 'clicks': 12, 'cost': 33.0}
2021-09-23T16:13:17.830843+0300 DEBUG (12,)
2021-09-23T16:13:17.830968+0300 DEBUG 2.75
2021-09-23T16:17:19.885818+0300 DEBUG {'date': datetime.date(2021, 9, 18), 'clicks': 12, 'cost': 333.0}
2021-09-23T16:17:19.886078+0300 DEBUG (12,)
2021-09-23T16:17:19.886198+0300 DEBUG 27.75
2021-09-23T16:19:38.597661+0300 DEBUG {'date': datetime.date(2021, 9, 18), 'clicks': 12, 'cost': 333.0}
2021-09-23T16:19:38.597911+0300 DEBUG (12,)
2021-09-23T16:20:35.157853+0300 DEBUG {'date': datetime.date(1122, 12, 12), 'clicks': 12, 'cost': 33.0}
2021-09-23T16:20:35.158137+0300 DEBUG (12,)
2021-09-23T16:20:35.158272+0300 DEBUG 2.75
2021-09-23T16:22:27.487504+0300 DEBUG {'date': datetime.date(2021, 9, 18), 'clicks': 12, 'cost': 333.0}
2021-09-23T16:22:27.487823+0300 DEBUG (12,)
2021-09-23T16:22:27.487947+0300 DEBUG 27.75
2021-09-23T16:22:38.787965+0300 DEBUG {'date': datetime.date(2021, 9, 11), 'clicks': 11, 'cost': 232.0}
2021-09-23T16:22:38.788206+0300 DEBUG (11,)
2021-09-23T16:22:38.788343+0300 DEBUG 21.09090909090909
2021-09-23T16:23:28.810368+0300 DEBUG {'date': datetime.date(2021, 9, 9), 'clicks': 12, 'cost': 3223.0}
2021-09-23T16:23:28.810624+0300 DEBUG (12,)
2021-09-23T16:24:22.634105+0300 DEBUG {'date': datetime.date(2021, 9, 9), 'clicks': 12, 'cost': 3223.0}
2021-09-23T16:25:33.582256+0300 DEBUG {'date': datetime.date(1122, 12, 12), 'clicks': 12, 'cost': 33.0}
2021-09-23T16:26:22.627167+0300 DEBUG {'date': datetime.date(1122, 12, 12), 'clicks': 12, 'cost': 33.0}
2021-09-23T16:26:25.602170+0300 DEBUG {'date': datetime.date(1122, 12, 12), 'clicks': 12, 'cost': 33.0}
2021-09-23T16:26:44.432717+0300 DEBUG {'date': datetime.date(1122, 12, 12), 'clicks': 12, 'cost': 33.0}
2021-09-23T16:27:21.731983+0300 DEBUG {'date': datetime.date(1122, 12, 12), 'clicks': 12, 'cost': 33.0}
2021-09-23T16:27:39.754606+0300 DEBUG {'date': datetime.date(1122, 12, 12), 'clicks': 12, 'cost': 33.0}
2021-09-23T16:27:53.646100+0300 DEBUG {'date': datetime.date(1122, 12, 12), 'clicks': 12, 'cost': 33.0}
2021-09-23T16:27:53.646597+0300 DEBUG (12,)
2021-09-23T16:28:02.461986+0300 DEBUG {'date': datetime.date(1122, 12, 12), 'clicks': 12, 'cost': 33.0}
2021-09-23T16:28:02.462236+0300 DEBUG (12,)
2021-09-23T16:28:02.462355+0300 DEBUG 2.75
